This is pdfTeX, Version 3.141592653-2.6-1.40.26 (TeX Live 2024) (preloaded format=pdflatex 2024.6.6)  6 DEC 2024 13:22
entering extended mode
 restricted \write18 enabled.
 %&-line parsing enabled.
**asme2ejs.tex
(./asme2ejs.tex
LaTeX2e <2024-06-01>
L3 programming layer <2024-05-27>
(./asme2ej.cls
Document Class: asme2ej 2001/2/14 v2.0 Standard LaTeX document class
(d:/texlive/2024/texmf-dist/tex/latex/base/ifthen.sty
Package: ifthen 2024/03/16 v1.1e Standard LaTeX ifthen package (DPC)
)
(d:/texlive/2024/texmf-dist/tex/latex/psnfss/times.sty
Package: times 2020/03/25 PSNFSS-v9.3 (SPQR) 
)
(d:/texlive/2024/texmf-dist/tex/generic/iftex/ifpdf.sty
Package: ifpdf 2019/10/25 v3.4 ifpdf legacy package. Use iftex instead.

(d:/texlive/2024/texmf-dist/tex/generic/iftex/iftex.sty
Package: iftex 2022/02/03 v1.0f TeX engine tests
))
Eleven Point
LaTeX Font Info:    Trying to load font information for OT1+phv on input line 3
01.
(d:/texlive/2024/texmf-dist/tex/latex/psnfss/ot1phv.fd
File: ot1phv.fd 2020/03/25 scalable font definitions for OT1/phv.
)
\c@part=\count194
\c@section=\count195
\c@subsection=\count196
\c@subsubsection=\count197
\c@paragraph=\count198
\c@subparagraph=\count199
\tempbox=\box52
\c@figure=\count266
\c@table=\count267
\@authcnt=\count268
\@tmpcnt=\count269
\bibindent=\dimen141
\tempbox=\box53
\minute=\count270
\hour=\count271
)
(d:/texlive/2024/texmf-dist/tex/latex/graphics/graphicx.sty
Package: graphicx 2021/09/16 v1.2d Enhanced LaTeX Graphics (DPC,SPQR)

(d:/texlive/2024/texmf-dist/tex/latex/graphics/keyval.sty
Package: keyval 2022/05/29 v1.15 key=value parser (DPC)
\KV@toks@=\toks17
)
(d:/texlive/2024/texmf-dist/tex/latex/graphics/graphics.sty
Package: graphics 2024/08/06 v1.4g Standard LaTeX Graphics (DPC,SPQR)

(d:/texlive/2024/texmf-dist/tex/latex/graphics/trig.sty
Package: trig 2023/12/02 v1.11 sin cos tan (DPC)
)
(d:/texlive/2024/texmf-dist/tex/latex/graphics-cfg/graphics.cfg
File: graphics.cfg 2016/06/04 v1.11 sample graphics configuration
)
Package graphics Info: Driver file: pdftex.def on input line 106.

(d:/texlive/2024/texmf-dist/tex/latex/graphics-def/pdftex.def
File: pdftex.def 2024/04/13 v1.2c Graphics/color driver for pdftex
))
\Gin@req@height=\dimen142
\Gin@req@width=\dimen143
)
(d:/texlive/2024/texmf-dist/tex/latex/graphics/epsfig.sty
Package: epsfig 2024/01/14 v1.7b (e)psfig emulation (SPQR)
\epsfxsize=\dimen144
\epsfysize=\dimen145
)
(d:/texlive/2024/texmf-dist/tex/latex/fancyhdr/fancyhdr.sty
Package: fancyhdr 2024/07/23 v4.3.1 Extensive control of page headers and foote
rs
\f@nch@headwidth=\skip49
\f@nch@O@elh=\skip50
\f@nch@O@erh=\skip51
\f@nch@O@olh=\skip52
\f@nch@O@orh=\skip53
\f@nch@O@elf=\skip54
\f@nch@O@erf=\skip55
\f@nch@O@olf=\skip56
\f@nch@O@orf=\skip57
)
(d:/texlive/2024/texmf-dist/tex/latex/setspace/setspace.sty
Package: setspace 2022/12/04 v6.7b set line spacing
)
(d:/texlive/2024/texmf-dist/tex/latex/psnfss/helvet.sty
Package: helvet 2020/03/25 PSNFSS-v9.3 (WaS) 
)
(d:/texlive/2024/texmf-dist/tex/latex/amsmath/amsmath.sty
Package: amsmath 2024/11/05 v2.17t AMS math features
\@mathmargin=\skip58

For additional information on amsmath, use the `?' option.
(d:/texlive/2024/texmf-dist/tex/latex/amsmath/amstext.sty
Package: amstext 2021/08/26 v2.01 AMS text

(d:/texlive/2024/texmf-dist/tex/latex/amsmath/amsgen.sty
File: amsgen.sty 1999/11/30 v2.0 generic functions
\@emptytoks=\toks18
\ex@=\dimen146
))
(d:/texlive/2024/texmf-dist/tex/latex/amsmath/amsbsy.sty
Package: amsbsy 1999/11/29 v1.2d Bold Symbols
\pmbraise@=\dimen147
)
(d:/texlive/2024/texmf-dist/tex/latex/amsmath/amsopn.sty
Package: amsopn 2022/04/08 v2.04 operator names
)
\inf@bad=\count272
LaTeX Info: Redefining \frac on input line 233.
\uproot@=\count273
\leftroot@=\count274
LaTeX Info: Redefining \overline on input line 398.
LaTeX Info: Redefining \colon on input line 409.
\classnum@=\count275
\DOTSCASE@=\count276
LaTeX Info: Redefining \ldots on input line 495.
LaTeX Info: Redefining \dots on input line 498.
LaTeX Info: Redefining \cdots on input line 619.
\Mathstrutbox@=\box54
\strutbox@=\box55
LaTeX Info: Redefining \big on input line 721.
LaTeX Info: Redefining \Big on input line 722.
LaTeX Info: Redefining \bigg on input line 723.
LaTeX Info: Redefining \Bigg on input line 724.
\big@size=\dimen148
LaTeX Font Info:    Redeclaring font encoding OML on input line 742.
LaTeX Font Info:    Redeclaring font encoding OMS on input line 743.
\macc@depth=\count277
LaTeX Info: Redefining \bmod on input line 904.
LaTeX Info: Redefining \pmod on input line 909.
LaTeX Info: Redefining \smash on input line 939.
LaTeX Info: Redefining \relbar on input line 969.
LaTeX Info: Redefining \Relbar on input line 970.
\c@MaxMatrixCols=\count278
\dotsspace@=\muskip17
\c@parentequation=\count279
\dspbrk@lvl=\count280
\tag@help=\toks19
\row@=\count281
\column@=\count282
\maxfields@=\count283
\andhelp@=\toks20
\eqnshift@=\dimen149
\alignsep@=\dimen150
\tagshift@=\dimen151
\tagwidth@=\dimen152
\totwidth@=\dimen153
\lineht@=\dimen154
\@envbody=\toks21
\multlinegap=\skip59
\multlinetaggap=\skip60
\mathdisplay@stack=\toks22
LaTeX Info: Redefining \[ on input line 2953.
LaTeX Info: Redefining \] on input line 2954.
)
(d:/texlive/2024/texmf-dist/tex/latex/enumitem/enumitem.sty
Package: enumitem 2019/06/20 v3.9 Customized lists
\labelindent=\skip61
\enit@outerparindent=\dimen155
\enit@toks=\toks23
\enit@inbox=\box56
\enit@count@id=\count284
\enitdp@description=\count285
)
(d:/texlive/2024/texmf-dist/tex/latex/url/url.sty
\Urlmuskip=\muskip18
Package: url 2013/09/16  ver 3.4  Verb mode for urls, etc.
)
(d:/texlive/2024/texmf-dist/tex/latex/hyperref/hyperref.sty
Package: hyperref 2024-11-05 v7.01l Hypertext links for LaTeX

(d:/texlive/2024/texmf-dist/tex/latex/kvsetkeys/kvsetkeys.sty
Package: kvsetkeys 2022-10-05 v1.19 Key value parser (HO)
)
(d:/texlive/2024/texmf-dist/tex/generic/kvdefinekeys/kvdefinekeys.sty
Package: kvdefinekeys 2019-12-19 v1.6 Define keys (HO)
)
(d:/texlive/2024/texmf-dist/tex/generic/pdfescape/pdfescape.sty
Package: pdfescape 2019/12/09 v1.15 Implements pdfTeX's escape features (HO)

(d:/texlive/2024/texmf-dist/tex/generic/ltxcmds/ltxcmds.sty
Package: ltxcmds 2023-12-04 v1.26 LaTeX kernel commands for general use (HO)
)
(d:/texlive/2024/texmf-dist/tex/generic/pdftexcmds/pdftexcmds.sty
Package: pdftexcmds 2020-06-27 v0.33 Utility functions of pdfTeX for LuaTeX (HO
)

(d:/texlive/2024/texmf-dist/tex/generic/infwarerr/infwarerr.sty
Package: infwarerr 2019/12/03 v1.5 Providing info/warning/error messages (HO)
)
Package pdftexcmds Info: \pdf@primitive is available.
Package pdftexcmds Info: \pdf@ifprimitive is available.
Package pdftexcmds Info: \pdfdraftmode found.
))
(d:/texlive/2024/texmf-dist/tex/latex/hycolor/hycolor.sty
Package: hycolor 2020-01-27 v1.10 Color options for hyperref/bookmark (HO)
)
(d:/texlive/2024/texmf-dist/tex/latex/hyperref/nameref.sty
Package: nameref 2023-11-26 v2.56 Cross-referencing by name of section

(d:/texlive/2024/texmf-dist/tex/latex/refcount/refcount.sty
Package: refcount 2019/12/15 v3.6 Data extraction from label references (HO)
)
(d:/texlive/2024/texmf-dist/tex/generic/gettitlestring/gettitlestring.sty
Package: gettitlestring 2019/12/15 v1.6 Cleanup title references (HO)

(d:/texlive/2024/texmf-dist/tex/latex/kvoptions/kvoptions.sty
Package: kvoptions 2022-06-15 v3.15 Key value format for package options (HO)
))
\c@section@level=\count286
)
(d:/texlive/2024/texmf-dist/tex/latex/etoolbox/etoolbox.sty
Package: etoolbox 2020/10/05 v2.5k e-TeX tools for LaTeX (JAW)
\etb@tempcnta=\count287
)
(d:/texlive/2024/texmf-dist/tex/generic/stringenc/stringenc.sty
Package: stringenc 2019/11/29 v1.12 Convert strings between diff. encodings (HO
)
)
\@linkdim=\dimen156
\Hy@linkcounter=\count288
\Hy@pagecounter=\count289

(d:/texlive/2024/texmf-dist/tex/latex/hyperref/pd1enc.def
File: pd1enc.def 2024-11-05 v7.01l Hyperref: PDFDocEncoding definition (HO)
Now handling font encoding PD1 ...
... no UTF-8 mapping file for font encoding PD1
)
(d:/texlive/2024/texmf-dist/tex/generic/intcalc/intcalc.sty
Package: intcalc 2019/12/15 v1.3 Expandable calculations with integers (HO)
)
\Hy@SavedSpaceFactor=\count290

(d:/texlive/2024/texmf-dist/tex/latex/hyperref/puenc.def
File: puenc.def 2024-11-05 v7.01l Hyperref: PDF Unicode definition (HO)
Now handling font encoding PU ...
... no UTF-8 mapping file for font encoding PU
)
Package hyperref Info: Hyper figures OFF on input line 4157.
Package hyperref Info: Link nesting OFF on input line 4162.
Package hyperref Info: Hyper index ON on input line 4165.
Package hyperref Info: Plain pages OFF on input line 4172.
Package hyperref Info: Backreferencing OFF on input line 4177.
Package hyperref Info: Implicit mode ON; LaTeX internals redefined.
Package hyperref Info: Bookmarks ON on input line 4424.
\c@Hy@tempcnt=\count291
LaTeX Info: Redefining \url on input line 4763.
\XeTeXLinkMargin=\dimen157

(d:/texlive/2024/texmf-dist/tex/generic/bitset/bitset.sty
Package: bitset 2019/12/09 v1.3 Handle bit-vector datatype (HO)

(d:/texlive/2024/texmf-dist/tex/generic/bigintcalc/bigintcalc.sty
Package: bigintcalc 2019/12/15 v1.5 Expandable calculations on big integers (HO
)
))
\Fld@menulength=\count292
\Field@Width=\dimen158
\Fld@charsize=\dimen159
Package hyperref Info: Hyper figures OFF on input line 6042.
Package hyperref Info: Link nesting OFF on input line 6047.
Package hyperref Info: Hyper index ON on input line 6050.
Package hyperref Info: backreferencing OFF on input line 6057.
Package hyperref Info: Link coloring OFF on input line 6062.
Package hyperref Info: Link coloring with OCG OFF on input line 6067.
Package hyperref Info: PDF/A mode OFF on input line 6072.

(d:/texlive/2024/texmf-dist/tex/latex/base/atbegshi-ltx.sty
Package: atbegshi-ltx 2021/01/10 v1.0c Emulation of the original atbegshi
package with kernel methods
)
\Hy@abspage=\count293
\c@Item=\count294
\c@Hfootnote=\count295
)
Package hyperref Info: Driver (autodetected): hpdftex.

(d:/texlive/2024/texmf-dist/tex/latex/hyperref/hpdftex.def
File: hpdftex.def 2024-11-05 v7.01l Hyperref driver for pdfTeX

(d:/texlive/2024/texmf-dist/tex/latex/base/atveryend-ltx.sty
Package: atveryend-ltx 2020/08/19 v1.0a Emulation of the original atveryend pac
kage
with kernel methods
)
\Fld@listcount=\count296
\c@bookmark@seq@number=\count297

(d:/texlive/2024/texmf-dist/tex/latex/rerunfilecheck/rerunfilecheck.sty
Package: rerunfilecheck 2022-07-10 v1.10 Rerun checks for auxiliary files (HO)

(d:/texlive/2024/texmf-dist/tex/generic/uniquecounter/uniquecounter.sty
Package: uniquecounter 2019/12/15 v1.4 Provide unlimited unique counter (HO)
)
Package uniquecounter Info: New unique counter `rerunfilecheck' on input line 2
85.
)
\Hy@SectionHShift=\skip62
)
Package hyperref Info: Option `colorlinks' set `true' on input line 49.

(d:/texlive/2024/texmf-dist/tex/latex/natbib/natbib.sty
Package: natbib 2010/09/13 8.31b (PWD, AO)
\bibhang=\skip63
\bibsep=\skip64
LaTeX Info: Redefining \cite on input line 694.
LaTeX Info: Redefining \citenum on input line 708.
\c@NAT@ctr=\count298
)
(d:/texlive/2024/texmf-dist/tex/latex/lineno/lineno.sty
Package: lineno 2023/05/20 line numbers on paragraphs v5.3
\linenopenalty=\count299
\output=\toks24
\linenoprevgraf=\count300
\linenumbersep=\dimen160
\linenumberwidth=\dimen161
\c@linenumber=\count301
\c@pagewiselinenumber=\count302
\c@LN@truepage=\count303
\c@internallinenumber=\count304
\c@internallinenumbers=\count305
\quotelinenumbersep=\dimen162
\bframerule=\dimen163
\bframesep=\dimen164
\bframebox=\box57
\linenoamsmath@ams@eqpen=\count306
LaTeX Info: Redefining \\ on input line 3180.
)
(d:/texlive/2024/texmf-dist/tex/latex/xcolor/xcolor.sty
Package: xcolor 2023/11/15 v3.01 LaTeX color extensions (UK)

(d:/texlive/2024/texmf-dist/tex/latex/graphics-cfg/color.cfg
File: color.cfg 2016/01/02 v1.6 sample color configuration
)
Package xcolor Info: Driver file: pdftex.def on input line 274.

(d:/texlive/2024/texmf-dist/tex/latex/graphics/mathcolor.ltx)
Package xcolor Info: Model `cmy' substituted by `cmy0' on input line 1350.
Package xcolor Info: Model `hsb' substituted by `rgb' on input line 1354.
Package xcolor Info: Model `RGB' extended on input line 1366.
Package xcolor Info: Model `HTML' substituted by `rgb' on input line 1368.
Package xcolor Info: Model `Hsb' substituted by `hsb' on input line 1369.
Package xcolor Info: Model `tHsb' substituted by `hsb' on input line 1370.
Package xcolor Info: Model `HSB' substituted by `hsb' on input line 1371.
Package xcolor Info: Model `Gray' substituted by `gray' on input line 1372.
Package xcolor Info: Model `wave' substituted by `hsb' on input line 1373.
)
(d:/texlive/2024/texmf-dist/tex/latex/l3backend/l3backend-pdftex.def
File: l3backend-pdftex.def 2024-05-08 L3 backend support: PDF output (pdfTeX)
\l__color_backend_stack_int=\count307
\l__pdf_internal_box=\box58
)
(./asme2ejs.aux)
\openout1 = `asme2ejs.aux'.

LaTeX Font Info:    Checking defaults for OML/cmm/m/it on input line 100.
LaTeX Font Info:    ... okay on input line 100.
LaTeX Font Info:    Checking defaults for OMS/cmsy/m/n on input line 100.
LaTeX Font Info:    ... okay on input line 100.
LaTeX Font Info:    Checking defaults for OT1/cmr/m/n on input line 100.
LaTeX Font Info:    ... okay on input line 100.
LaTeX Font Info:    Checking defaults for T1/cmr/m/n on input line 100.
LaTeX Font Info:    ... okay on input line 100.
LaTeX Font Info:    Checking defaults for TS1/cmr/m/n on input line 100.
LaTeX Font Info:    ... okay on input line 100.
LaTeX Font Info:    Checking defaults for OMX/cmex/m/n on input line 100.
LaTeX Font Info:    ... okay on input line 100.
LaTeX Font Info:    Checking defaults for U/cmr/m/n on input line 100.
LaTeX Font Info:    ... okay on input line 100.
LaTeX Font Info:    Checking defaults for PD1/pdf/m/n on input line 100.
LaTeX Font Info:    ... okay on input line 100.
LaTeX Font Info:    Checking defaults for PU/pdf/m/n on input line 100.
LaTeX Font Info:    ... okay on input line 100.

(d:/texlive/2024/texmf-dist/tex/context/base/mkii/supp-pdf.mkii
[Loading MPS to PDF converter (version 2006.09.02).]
\scratchcounter=\count308
\scratchdimen=\dimen165
\scratchbox=\box59
\nofMPsegments=\count309
\nofMParguments=\count310
\everyMPshowfont=\toks25
\MPscratchCnt=\count311
\MPscratchDim=\dimen166
\MPnumerator=\count312
\makeMPintoPDFobject=\count313
\everyMPtoPDFconversion=\toks26
) (d:/texlive/2024/texmf-dist/tex/latex/epstopdf-pkg/epstopdf-base.sty
Package: epstopdf-base 2020-01-24 v2.11 Base part for package epstopdf

(d:/texlive/2024/texmf-dist/tex/latex/grfext/grfext.sty
Package: grfext 2019/12/03 v1.3 Manage graphics extensions (HO)
)
Package epstopdf-base Info: Redefining graphics rule for `.eps' on input line 4
85.
Package grfext Info: Graphics extension search list:
(grfext)             [.pdf,.png,.jpg,.mps,.jpeg,.jbig2,.jb2,.PDF,.PNG,.JPG,.JPE
G,.JBIG2,.JB2,.eps]
(grfext)             \AppendGraphicsExtensions on input line 504.

(d:/texlive/2024/texmf-dist/tex/latex/latexconfig/epstopdf-sys.cfg
File: epstopdf-sys.cfg 2010/07/13 v1.3 Configuration of (r)epstopdf for TeX Liv
e
))
Package hyperref Info: Link coloring ON on input line 100.

(./asme2ejs.out) (./asme2ejs.out)
\@outlinefile=\write3
\openout3 = `asme2ejs.out'.


Underfull \hbox (badness 10000) detected at line 103
[]
 []

LaTeX Font Info:    Font shape `OT1/phv/m/it' in size <10.95> not available
(Font)              Font shape `OT1/phv/m/sl' tried instead on input line 108.


LaTeX Font Info:    Trying to load font information for OT1+ptm on input line 1
11.
(d:/texlive/2024/texmf-dist/tex/latex/psnfss/ot1ptm.fd
File: ot1ptm.fd 2001/06/04 font definitions for OT1/ptm.
) [1

{d:/texlive/2024/texmf-var/fonts/map/pdftex/updmap/pdftex.map}{d:/texlive/2024/
texmf-dist/fonts/enc/dvips/base/8r.enc}]
Underfull \vbox (badness 2005) has occurred while \output is active []



[2]
Underfull \vbox (badness 10000) has occurred while \output is active []



[3]
Underfull \vbox (badness 10000) has occurred while \output is active []



[4]
Underfull \vbox (badness 10000) has occurred while \output is active []



[5]
Underfull \vbox (badness 10000) has occurred while \output is active []



[6]
Underfull \vbox (badness 10000) has occurred while \output is active []



[7]
Package epstopdf Info: Source file: <Chase,frendi_vs_Unni_comparison.eps>
(epstopdf)                    date: 2024-12-06 10:47:42
(epstopdf)                    size: 137582 bytes
(epstopdf)             Output file: <Chase,frendi_vs_Unni_comparison-eps-conver
ted-to.pdf>
(epstopdf)                    date: 2024-12-06 10:50:54
(epstopdf)                    size: 22986 bytes
(epstopdf)             Command: <repstopdf --outfile=Chase,frendi_vs_Unni_compa
rison-eps-converted-to.pdf Chase,frendi_vs_Unni_comparison.eps>
(epstopdf)             \includegraphics on input line 218.
Package epstopdf Info: Output file is already uptodate.
<Chase,frendi_vs_Unni_comparison-eps-converted-to.pdf, id=224, 2312.64pt x 1734
.48pt>
File: Chase,frendi_vs_Unni_comparison-eps-converted-to.pdf Graphic file (type p
df)
<use Chase,frendi_vs_Unni_comparison-eps-converted-to.pdf>
Package pdftex.def Info: Chase,frendi_vs_Unni_comparison-eps-converted-to.pdf  
used on input line 218.
(pdftex.def)             Requested size: 325.215pt x 243.91064pt.

Underfull \vbox (badness 3343) has occurred while \output is active []



[8 <./Chase,frendi_vs_Unni_comparison-eps-converted-to.pdf>]

[9]
Package epstopdf Info: Source file: <Hybrid_model_Chase_frendi_vs_Unni_comparis
on.eps>
(epstopdf)                    date: 2024-12-06 12:58:34
(epstopdf)                    size: 160709 bytes
(epstopdf)             Output file: <Hybrid_model_Chase_frendi_vs_Unni_comparis
on-eps-converted-to.pdf>
(epstopdf)                    date: 2024-12-06 12:58:49
(epstopdf)                    size: 39212 bytes
(epstopdf)             Command: <repstopdf --outfile=Hybrid_model_Chase_frendi_
vs_Unni_comparison-eps-converted-to.pdf Hybrid_model_Chase_frendi_vs_Unni_compa
rison.eps>
(epstopdf)             \includegraphics on input line 261.
Package epstopdf Info: Output file is already uptodate.
<Hybrid_model_Chase_frendi_vs_Unni_comparison-eps-converted-to.pdf, id=275, 231
2.64pt x 1734.48pt>
File: Hybrid_model_Chase_frendi_vs_Unni_comparison-eps-converted-to.pdf Graphic
 file (type pdf)
<use Hybrid_model_Chase_frendi_vs_Unni_comparison-eps-converted-to.pdf>
Package pdftex.def Info: Hybrid_model_Chase_frendi_vs_Unni_comparison-eps-conve
rted-to.pdf  used on input line 261.
(pdftex.def)             Requested size: 325.215pt x 243.91064pt.

Underfull \vbox (badness 7362) has occurred while \output is active []



[10]
Package epstopdf Info: Source file: <Chase_hybrid_Frendi_outside_pressure_Spect
rum.eps>
(epstopdf)                    date: 2024-12-06 10:47:42
(epstopdf)                    size: 170290 bytes
(epstopdf)             Output file: <Chase_hybrid_Frendi_outside_pressure_Spect
rum-eps-converted-to.pdf>
(epstopdf)                    date: 2024-12-06 10:51:39
(epstopdf)                    size: 74288 bytes
(epstopdf)             Command: <repstopdf --outfile=Chase_hybrid_Frendi_outsid
e_pressure_Spectrum-eps-converted-to.pdf Chase_hybrid_Frendi_outside_pressure_S
pectrum.eps>
(epstopdf)             \includegraphics on input line 273.
Package epstopdf Info: Output file is already uptodate.
<Chase_hybrid_Frendi_outside_pressure_Spectrum-eps-converted-to.pdf, id=300, 25
29.45pt x 1373.13pt>
File: Chase_hybrid_Frendi_outside_pressure_Spectrum-eps-converted-to.pdf Graphi
c file (type pdf)
<use Chase_hybrid_Frendi_outside_pressure_Spectrum-eps-converted-to.pdf>
Package pdftex.def Info: Chase_hybrid_Frendi_outside_pressure_Spectrum-eps-conv
erted-to.pdf  used on input line 273.
(pdftex.def)             Requested size: 310.76122pt x 168.68655pt.

Underfull \vbox (badness 1242) has occurred while \output is active []



[11 <./Hybrid_model_Chase_frendi_vs_Unni_comparison-eps-converted-to.pdf>]

[12 <./Chase_hybrid_Frendi_outside_pressure_Spectrum-eps-converted-to.pdf>]
Package epstopdf Info: Source file: <Non_dimensional_plot_of_hybrid_model.eps>
(epstopdf)                    date: 2024-12-06 10:47:43
(epstopdf)                    size: 140438 bytes
(epstopdf)             Output file: <Non_dimensional_plot_of_hybrid_model-eps-c
onverted-to.pdf>
(epstopdf)                    date: 2024-12-06 10:51:41
(epstopdf)                    size: 25120 bytes
(epstopdf)             Command: <repstopdf --outfile=Non_dimensional_plot_of_hy
brid_model-eps-converted-to.pdf Non_dimensional_plot_of_hybrid_model.eps>
(epstopdf)             \includegraphics on input line 294.
Package epstopdf Info: Output file is already uptodate.
<Non_dimensional_plot_of_hybrid_model-eps-converted-to.pdf, id=346, 2529.45pt x
 1373.13pt>
File: Non_dimensional_plot_of_hybrid_model-eps-converted-to.pdf Graphic file (t
ype pdf)
<use Non_dimensional_plot_of_hybrid_model-eps-converted-to.pdf>
Package pdftex.def Info: Non_dimensional_plot_of_hybrid_model-eps-converted-to.
pdf  used on input line 294.
(pdftex.def)             Requested size: 310.76122pt x 168.68655pt.


[13 <./Non_dimensional_plot_of_hybrid_model-eps-converted-to.pdf>]
Package epstopdf Info: Source file: <Sonar_array_element.eps>
(epstopdf)                    date: 2024-12-06 10:47:42
(epstopdf)                    size: 117284 bytes
(epstopdf)             Output file: <Sonar_array_element-eps-converted-to.pdf>
(epstopdf)                    date: 2024-12-06 10:57:20
(epstopdf)                    size: 40014 bytes
(epstopdf)             Command: <repstopdf --outfile=Sonar_array_element-eps-co
nverted-to.pdf Sonar_array_element.eps>
(epstopdf)             \includegraphics on input line 306.
Package epstopdf Info: Output file is already uptodate.
<Sonar_array_element-eps-converted-to.pdf, id=372, 500.87125pt x 220.825pt>
File: Sonar_array_element-eps-converted-to.pdf Graphic file (type pdf)
<use Sonar_array_element-eps-converted-to.pdf>
Package pdftex.def Info: Sonar_array_element-eps-converted-to.pdf  used on inpu
t line 306.
(pdftex.def)             Requested size: 310.76122pt x 137.01453pt.

Underfull \vbox (badness 10000) has occurred while \output is active []



[14 <./Sonar_array_element-eps-converted-to.pdf>]
Underfull \vbox (badness 10000) has occurred while \output is active []



[15]
Underfull \vbox (badness 10000) has occurred while \output is active []



[16]
Underfull \vbox (badness 10000) has occurred while \output is active []



[17]
Overfull \hbox (14.86938pt too wide) in paragraph at lines 380--382
\OT1/phv/m/n/10.95 where $[]\OT1/cmr/m/n/10.95 (\OML/cmm/m/it/10.95 k[]; !\OT1/
cmr/m/n/10.95 )$\OT1/phv/m/n/10.95 , $[]\OT1/cmr/m/n/10.95 (\OML/cmm/m/it/10.95
 k[]; !\OT1/cmr/m/n/10.95 )$\OT1/phv/m/n/10.95 , $[]\OT1/cmr/m/n/10.95 (\OML/cm
m/m/it/10.95 k[]; !\OT1/cmr/m/n/10.95 )$\OT1/phv/m/n/10.95 , $[]\OT1/cmr/m/n/10
.95 (\OML/cmm/m/it/10.95 k[]; !\OT1/cmr/m/n/10.95 )$\OT1/phv/m/n/10.95 , $[]\OT
1/cmr/m/n/10.95 (\OML/cmm/m/it/10.95 k[]; !\OT1/cmr/m/n/10.95 )$\OT1/phv/m/n/10
.95 , $[]\OT1/cmr/m/n/10.95 (\OML/cmm/m/it/10.95 k[]; !\OT1/cmr/m/n/10.95 )$\OT
1/phv/m/n/10.95 , $[]\OT1/cmr/m/n/10.95 (\OML/cmm/m/it/10.95 k[]; !\OT1/cmr/m/n
/10.95 )$\OT1/phv/m/n/10.95 , $[]\OT1/cmr/m/n/10.95 (\OML/cmm/m/it/10.95 k[]; !
\OT1/cmr/m/n/10.95 )$\OT1/phv/m/n/10.95 , $[]\OT1/cmr/m/n/10.95 (\OML/cmm/m/it/
10.95 k[]; !\OT1/cmr/m/n/10.95 )$
 []


Underfull \vbox (badness 10000) has occurred while \output is active []



[18]
Underfull \vbox (badness 10000) has occurred while \output is active []



[19]
Underfull \vbox (badness 4995) has occurred while \output is active []



[20]
Underfull \vbox (badness 10000) has occurred while \output is active []



[21]
Underfull \vbox (badness 10000) has occurred while \output is active []



[22]
Underfull \vbox (badness 10000) has occurred while \output is active []



[23]
Underfull \vbox (badness 10000) has occurred while \output is active []



[24]
Underfull \vbox (badness 10000) has occurred while \output is active []



[25]
Underfull \vbox (badness 10000) has occurred while \output is active []



[26]
Underfull \vbox (badness 10000) has occurred while \output is active []



[27]
Underfull \vbox (badness 10000) has occurred while \output is active []



[28]
Underfull \vbox (badness 10000) has occurred while \output is active []



[29]
Underfull \vbox (badness 10000) has occurred while \output is active []



[30]

[31]
Package epstopdf Info: Source file: <polarplot_sin_theta.eps>
(epstopdf)                    date: 2024-12-06 13:20:46
(epstopdf)                    size: 149644 bytes
(epstopdf)             Output file: <polarplot_sin_theta-eps-converted-to.pdf>
(epstopdf)                    date: 2024-12-06 13:21:02
(epstopdf)                    size: 23591 bytes
(epstopdf)             Command: <repstopdf --outfile=polarplot_sin_theta-eps-co
nverted-to.pdf polarplot_sin_theta.eps>
(epstopdf)             \includegraphics on input line 652.
Package epstopdf Info: Output file is already uptodate.
<polarplot_sin_theta-eps-converted-to.pdf, id=620, 2601.72pt x 1951.29pt>
File: polarplot_sin_theta-eps-converted-to.pdf Graphic file (type pdf)
<use polarplot_sin_theta-eps-converted-to.pdf>
Package pdftex.def Info: polarplot_sin_theta-eps-converted-to.pdf  used on inpu
t line 652.
(pdftex.def)             Requested size: 354.12256pt x 265.5863pt.


[32 <./polarplot_sin_theta-eps-converted-to.pdf>]
Package epstopdf Info: Source file: <polarplot_cos_theta.eps>
(epstopdf)                    date: 2024-12-06 13:21:33
(epstopdf)                    size: 149594 bytes
(epstopdf)             Output file: <polarplot_cos_theta-eps-converted-to.pdf>
(epstopdf)                    date: 2024-12-06 13:21:50
(epstopdf)                    size: 23500 bytes
(epstopdf)             Command: <repstopdf --outfile=polarplot_cos_theta-eps-co
nverted-to.pdf polarplot_cos_theta.eps>
(epstopdf)             \includegraphics on input line 662.
Package epstopdf Info: Output file is already uptodate.
<polarplot_cos_theta-eps-converted-to.pdf, id=640, 2601.72pt x 1951.29pt>
File: polarplot_cos_theta-eps-converted-to.pdf Graphic file (type pdf)
<use polarplot_cos_theta-eps-converted-to.pdf>
Package pdftex.def Info: polarplot_cos_theta-eps-converted-to.pdf  used on inpu
t line 662.
(pdftex.def)             Requested size: 354.12256pt x 265.5863pt.
Package epstopdf Info: Source file: <Comparison_of_turbulent_pressure_spectrum_
of_Hybrid.eps>
(epstopdf)                    date: 2024-12-06 10:47:42
(epstopdf)                    size: 126268 bytes
(epstopdf)             Output file: <Comparison_of_turbulent_pressure_spectrum_
of_Hybrid-eps-converted-to.pdf>
(epstopdf)                    date: 2024-12-06 11:32:11
(epstopdf)                    size: 13811 bytes
(epstopdf)             Command: <repstopdf --outfile=Comparison_of_turbulent_pr
essure_spectrum_of_Hybrid-eps-converted-to.pdf Comparison_of_turbulent_pressure
_spectrum_of_Hybrid.eps>
(epstopdf)             \includegraphics on input line 672.
Package epstopdf Info: Output file is already uptodate.
<Comparison_of_turbulent_pressure_spectrum_of_Hybrid-eps-converted-to.pdf, id=6
41, 2529.45pt x 1373.13pt>
File: Comparison_of_turbulent_pressure_spectrum_of_Hybrid-eps-converted-to.pdf 
Graphic file (type pdf)
<use Comparison_of_turbulent_pressure_spectrum_of_Hybrid-eps-converted-to.pdf>
Package pdftex.def Info: Comparison_of_turbulent_pressure_spectrum_of_Hybrid-ep
s-converted-to.pdf  used on input line 672.
(pdftex.def)             Requested size: 310.76122pt x 168.68655pt.

Underfull \vbox (badness 1502) has occurred while \output is active []



[33 <./polarplot_cos_theta-eps-converted-to.pdf> <./Comparison_of_turbulent_pre
ssure_spectrum_of_Hybrid-eps-converted-to.pdf>]
Package epstopdf Info: Source file: <Inside_pressure_comparison_3d_and_approx.e
ps>
(epstopdf)                    date: 2024-12-06 10:47:43
(epstopdf)                    size: 238891 bytes
(epstopdf)             Output file: <Inside_pressure_comparison_3d_and_approx-e
ps-converted-to.pdf>
(epstopdf)                    date: 2024-12-06 11:34:06
(epstopdf)                    size: 42563 bytes
(epstopdf)             Command: <repstopdf --outfile=Inside_pressure_comparison
_3d_and_approx-eps-converted-to.pdf Inside_pressure_comparison_3d_and_approx.ep
s>
(epstopdf)             \includegraphics on input line 715.
Package epstopdf Info: Output file is already uptodate.
<Inside_pressure_comparison_3d_and_approx-eps-converted-to.pdf, id=674, 2529.45
pt x 1373.13pt>
File: Inside_pressure_comparison_3d_and_approx-eps-converted-to.pdf Graphic fil
e (type pdf)
<use Inside_pressure_comparison_3d_and_approx-eps-converted-to.pdf>
Package pdftex.def Info: Inside_pressure_comparison_3d_and_approx-eps-converted
-to.pdf  used on input line 715.
(pdftex.def)             Requested size: 310.76122pt x 168.68655pt.
Package epstopdf Info: Source file: <Inside_pressure_comparison_3d_and_axi.eps>

(epstopdf)                    date: 2024-12-06 10:47:43
(epstopdf)                    size: 227783 bytes
(epstopdf)             Output file: <Inside_pressure_comparison_3d_and_axi-eps-
converted-to.pdf>
(epstopdf)                    date: 2024-12-06 11:34:08
(epstopdf)                    size: 41852 bytes
(epstopdf)             Command: <repstopdf --outfile=Inside_pressure_comparison
_3d_and_axi-eps-converted-to.pdf Inside_pressure_comparison_3d_and_axi.eps>
(epstopdf)             \includegraphics on input line 721.
Package epstopdf Info: Output file is already uptodate.
<Inside_pressure_comparison_3d_and_axi-eps-converted-to.pdf, id=677, 2529.45pt 
x 1373.13pt>
File: Inside_pressure_comparison_3d_and_axi-eps-converted-to.pdf Graphic file (
type pdf)
<use Inside_pressure_comparison_3d_and_axi-eps-converted-to.pdf>
Package pdftex.def Info: Inside_pressure_comparison_3d_and_axi-eps-converted-to
.pdf  used on input line 721.
(pdftex.def)             Requested size: 310.76122pt x 168.68655pt.

Underfull \vbox (badness 3815) has occurred while \output is active []



[34]

[35 <./Inside_pressure_comparison_3d_and_approx-eps-converted-to.pdf> <./Inside
_pressure_comparison_3d_and_axi-eps-converted-to.pdf>]
Package epstopdf Info: Source file: <Flow_noise_comparison_3D_vs_Knight_Jineesh
.eps>
(epstopdf)                    date: 2024-12-06 10:47:42
(epstopdf)                    size: 97207 bytes
(epstopdf)             Output file: <Flow_noise_comparison_3D_vs_Knight_Jineesh
-eps-converted-to.pdf>
(epstopdf)                    date: 2024-12-06 11:34:10
(epstopdf)                    size: 12860 bytes
(epstopdf)             Command: <repstopdf --outfile=Flow_noise_comparison_3D_v
s_Knight_Jineesh-eps-converted-to.pdf Flow_noise_comparison_3D_vs_Knight_Jinees
h.eps>
(epstopdf)             \includegraphics on input line 741.
Package epstopdf Info: Output file is already uptodate.
<Flow_noise_comparison_3D_vs_Knight_Jineesh-eps-converted-to.pdf, id=723, 2529.
45pt x 1373.13pt>
File: Flow_noise_comparison_3D_vs_Knight_Jineesh-eps-converted-to.pdf Graphic f
ile (type pdf)
<use Flow_noise_comparison_3D_vs_Knight_Jineesh-eps-converted-to.pdf>
Package pdftex.def Info: Flow_noise_comparison_3D_vs_Knight_Jineesh-eps-convert
ed-to.pdf  used on input line 741.
(pdftex.def)             Requested size: 310.76122pt x 168.68655pt.


[36 <./Flow_noise_comparison_3D_vs_Knight_Jineesh-eps-converted-to.pdf>]
Package epstopdf Info: Source file: <Comparison_of_flow_noise_3D_different_dia.
eps>
(epstopdf)                    date: 2024-12-06 10:47:42
(epstopdf)                    size: 96844 bytes
(epstopdf)             Output file: <Comparison_of_flow_noise_3D_different_dia-
eps-converted-to.pdf>
(epstopdf)                    date: 2024-12-06 11:34:11
(epstopdf)                    size: 12229 bytes
(epstopdf)             Command: <repstopdf --outfile=Comparison_of_flow_noise_3
D_different_dia-eps-converted-to.pdf Comparison_of_flow_noise_3D_different_dia.
eps>
(epstopdf)             \includegraphics on input line 756.
Package epstopdf Info: Output file is already uptodate.
<Comparison_of_flow_noise_3D_different_dia-eps-converted-to.pdf, id=752, 2529.4
5pt x 1373.13pt>
File: Comparison_of_flow_noise_3D_different_dia-eps-converted-to.pdf Graphic fi
le (type pdf)
<use Comparison_of_flow_noise_3D_different_dia-eps-converted-to.pdf>
Package pdftex.def Info: Comparison_of_flow_noise_3D_different_dia-eps-converte
d-to.pdf  used on input line 756.
(pdftex.def)             Requested size: 310.76122pt x 168.68655pt.
Package epstopdf Info: Source file: <Comparison_of_flow_noise_3D_Different_spee
d.eps>
(epstopdf)                    date: 2024-12-06 10:47:42
(epstopdf)                    size: 97966 bytes
(epstopdf)             Output file: <Comparison_of_flow_noise_3D_Different_spee
d-eps-converted-to.pdf>
(epstopdf)                    date: 2024-12-06 11:34:13
(epstopdf)                    size: 12772 bytes
(epstopdf)             Command: <repstopdf --outfile=Comparison_of_flow_noise_3
D_Different_speed-eps-converted-to.pdf Comparison_of_flow_noise_3D_Different_sp
eed.eps>
(epstopdf)             \includegraphics on input line 762.
Package epstopdf Info: Output file is already uptodate.
<Comparison_of_flow_noise_3D_Different_speed-eps-converted-to.pdf, id=753, 2529
.45pt x 1373.13pt>
File: Comparison_of_flow_noise_3D_Different_speed-eps-converted-to.pdf Graphic 
file (type pdf)
<use Comparison_of_flow_noise_3D_Different_speed-eps-converted-to.pdf>
Package pdftex.def Info: Comparison_of_flow_noise_3D_Different_speed-eps-conver
ted-to.pdf  used on input line 762.
(pdftex.def)             Requested size: 310.76122pt x 168.68655pt.

Underfull \vbox (badness 10000) has occurred while \output is active []



[37 <./Comparison_of_flow_noise_3D_different_dia-eps-converted-to.pdf>]
Underfull \vbox (badness 2617) has occurred while \output is active []



[38 <./Comparison_of_flow_noise_3D_Different_speed-eps-converted-to.pdf>]
(./asme2ejs.bbl

[39]
Underfull \vbox (badness 10000) has occurred while \output is active []



[40])

[41] (./asme2ejs.lof
Overfull \hbox (21.70877pt too wide) in paragraph at lines 8--8
 [][] [][][]\OT1/phv/m/n/10.95 The ex-ter-nal tur-bu-lent pres-sure spec-trum l
evel com-puted us-ing the hy-brid model (Eq. ([][]18[][])).[][] [][]  
 []

)
\tf@lof=\write4
\openout4 = `asme2ejs.lof'.



[42] (./asme2ejs.lot)
\tf@lot=\write5
\openout5 = `asme2ejs.lot'.



[43] (./asme2ejs.aux)
 ***********
LaTeX2e <2024-06-01>
L3 programming layer <2024-05-27>
 ***********
Package rerunfilecheck Info: File `asme2ejs.out' has not changed.
(rerunfilecheck)             Checksum: 2102FC8E4F32DF93146274C63F49B603;6976.
 ) 
Here is how much of TeX's memory you used:
 11672 strings out of 473600
 182373 string characters out of 5732738
 1947894 words of memory out of 5000000
 34177 multiletter control sequences out of 15000+600000
 583217 words of font info for 81 fonts, out of 8000000 for 9000
 1141 hyphenation exceptions out of 8191
 75i,12n,79p,1554b,633s stack positions out of 10000i,1000n,20000p,200000b,200000s
<d:/texlive/2024/texmf-dist/fonts/type1/public/amsfonts/cm/cmbx10.pfb><d:/tex
live/2024/texmf-dist/fonts/type1/public/amsfonts/cm/cmbx8.pfb><d:/texlive/2024/
texmf-dist/fonts/type1/public/amsfonts/cm/cmex10.pfb><d:/texlive/2024/texmf-dis
t/fonts/type1/public/amsfonts/cm/cmmi10.pfb><d:/texlive/2024/texmf-dist/fonts/t
ype1/public/amsfonts/cm/cmmi6.pfb><d:/texlive/2024/texmf-dist/fonts/type1/publi
c/amsfonts/cm/cmmi8.pfb><d:/texlive/2024/texmf-dist/fonts/type1/public/amsfonts
/cm/cmr10.pfb><d:/texlive/2024/texmf-dist/fonts/type1/public/amsfonts/cm/cmr6.p
fb><d:/texlive/2024/texmf-dist/fonts/type1/public/amsfonts/cm/cmr8.pfb><d:/texl
ive/2024/texmf-dist/fonts/type1/public/amsfonts/cm/cmsy10.pfb><d:/texlive/2024/
texmf-dist/fonts/type1/public/amsfonts/cm/cmsy6.pfb><d:/texlive/2024/texmf-dist
/fonts/type1/public/amsfonts/cm/cmsy8.pfb><d:/texlive/2024/texmf-dist/fonts/typ
e1/urw/helvetic/uhvb8a.pfb><d:/texlive/2024/texmf-dist/fonts/type1/urw/helvetic
/uhvr8a.pfb><d:/texlive/2024/texmf-dist/fonts/type1/urw/helvetic/uhvro8a.pfb><d
:/texlive/2024/texmf-dist/fonts/type1/urw/symbol/usyr.pfb><d:/texlive/2024/texm
f-dist/fonts/type1/urw/times/utmr8a.pfb><d:/texlive/2024/texmf-dist/fonts/type1
/urw/times/utmri8a.pfb>
Output written on asme2ejs.pdf (43 pages, 592437 bytes).
PDF statistics:
 965 PDF objects out of 1000 (max. 8388607)
 845 compressed objects within 9 object streams
 212 named destinations out of 1000 (max. 500000)
 274 words of extra memory for PDF output out of 10000 (max. 10000000)

